
*** Running vivado
    with args -log newtop.vds -m64 -product Vivado -mode batch -messageDb vivado.pb -notrace -source newtop.tcl



****** Vivado v2020.2 (64-bit)
  **** SW Build 3064766 on Wed Nov 18 09:12:45 MST 2020
  **** IP Build 3064653 on Wed Nov 18 14:17:31 MST 2020
    ** Copyright 1986-2020 Xilinx, Inc. All Rights Reserved.

source newtop.tcl -notrace
Command: synth_design -top newtop -part xc7a50ticsg324-1L
Starting synth_design
Attempting to get a license for feature 'Synthesis' and/or device 'xc7a50ti'
INFO: [Common 17-349] Got license for feature 'Synthesis' and/or device 'xc7a50ti'
INFO: [Device 21-403] Loading part xc7a50ticsg324-1L
INFO: [Synth 8-7079] Multithreading enabled for synth_design using a maximum of 2 processes.
INFO: [Synth 8-7078] Launching helper process for spawning children vivado processes
INFO: [Synth 8-7075] Helper process launched with PID 23652
---------------------------------------------------------------------------------
Starting RTL Elaboration : Time (s): cpu = 00:00:04 ; elapsed = 00:00:04 . Memory (MB): peak = 1000.953 ; gain = 0.000
---------------------------------------------------------------------------------
INFO: [Synth 8-638] synthesizing module 'newtop' [C:/Users/david/OneDrive/Dokumenty/GitHub/digital-electronics-1/project/20220427/Project_20220428_1/Project_20220428_1.srcs/sources_1/imports/sources_1/new/newtop.vhd:50]
INFO: [Synth 8-638] synthesizing module 'alphabet_to_code' [C:/Users/david/OneDrive/Dokumenty/GitHub/digital-electronics-1/project/20220427/Project_20220428_1/Project_20220428_1.srcs/sources_1/imports/sources_1/imports/new/alphabet_to_code.vhd:57]
	Parameter text_length_i bound to: 20 - type: integer 
WARNING: [Synth 8-614] signal 'code_char' is read in the process but is not in the sensitivity list [C:/Users/david/OneDrive/Dokumenty/GitHub/digital-electronics-1/project/20220427/Project_20220428_1/Project_20220428_1.srcs/sources_1/imports/sources_1/imports/new/alphabet_to_code.vhd:66]
WARNING: [Synth 8-614] signal 'code' is read in the process but is not in the sensitivity list [C:/Users/david/OneDrive/Dokumenty/GitHub/digital-electronics-1/project/20220427/Project_20220428_1/Project_20220428_1.srcs/sources_1/imports/sources_1/imports/new/alphabet_to_code.vhd:66]
INFO: [Synth 8-638] synthesizing module 'char_to_code' [C:/Users/david/OneDrive/Dokumenty/GitHub/digital-electronics-1/project/20220427/Project_20220428_1/Project_20220428_1.srcs/sources_1/imports/sources_1/imports/new/char_to_code.vhd:41]
INFO: [Synth 8-256] done synthesizing module 'char_to_code' (1#1) [C:/Users/david/OneDrive/Dokumenty/GitHub/digital-electronics-1/project/20220427/Project_20220428_1/Project_20220428_1.srcs/sources_1/imports/sources_1/imports/new/char_to_code.vhd:41]
INFO: [Synth 8-256] done synthesizing module 'alphabet_to_code' (2#1) [C:/Users/david/OneDrive/Dokumenty/GitHub/digital-electronics-1/project/20220427/Project_20220428_1/Project_20220428_1.srcs/sources_1/imports/sources_1/imports/new/alphabet_to_code.vhd:57]
INFO: [Synth 8-638] synthesizing module 'driver_7seg_8characters' [C:/Users/david/OneDrive/Dokumenty/GitHub/digital-electronics-1/project/20220427/Project_20220428_1/Project_20220428_1.srcs/sources_1/imports/sources_1/imports/new/driver_7seg_8characters.vhd:66]
INFO: [Synth 8-638] synthesizing module 'clock_enable' [C:/Users/david/OneDrive/Dokumenty/GitHub/digital-electronics-1/project/20220427/Project_20220428_1/Project_20220428_1.srcs/sources_1/imports/sources_1/imports/new/clock_enable.vhd:36]
	Parameter g_MAX bound to: 200000 - type: integer 
INFO: [Synth 8-256] done synthesizing module 'clock_enable' (3#1) [C:/Users/david/OneDrive/Dokumenty/GitHub/digital-electronics-1/project/20220427/Project_20220428_1/Project_20220428_1.srcs/sources_1/imports/sources_1/imports/new/clock_enable.vhd:36]
INFO: [Synth 8-638] synthesizing module 'cnt_up_down' [C:/Users/david/OneDrive/Dokumenty/GitHub/digital-electronics-1/project/20220427/Project_20220428_1/Project_20220428_1.srcs/sources_1/imports/sources_1/imports/new/cnt_up_down.vhd:35]
	Parameter g_CNT_WIDTH bound to: 3 - type: integer 
INFO: [Synth 8-256] done synthesizing module 'cnt_up_down' (4#1) [C:/Users/david/OneDrive/Dokumenty/GitHub/digital-electronics-1/project/20220427/Project_20220428_1/Project_20220428_1.srcs/sources_1/imports/sources_1/imports/new/cnt_up_down.vhd:35]
INFO: [Synth 8-638] synthesizing module 'alphabet_7seg' [C:/Users/david/OneDrive/Dokumenty/GitHub/digital-electronics-1/project/20220427/Project_20220428_1/Project_20220428_1.srcs/sources_1/imports/sources_1/imports/new/alphabet_7seg.vhd:29]
INFO: [Synth 8-256] done synthesizing module 'alphabet_7seg' (5#1) [C:/Users/david/OneDrive/Dokumenty/GitHub/digital-electronics-1/project/20220427/Project_20220428_1/Project_20220428_1.srcs/sources_1/imports/sources_1/imports/new/alphabet_7seg.vhd:29]
INFO: [Synth 8-256] done synthesizing module 'driver_7seg_8characters' (6#1) [C:/Users/david/OneDrive/Dokumenty/GitHub/digital-electronics-1/project/20220427/Project_20220428_1/Project_20220428_1.srcs/sources_1/imports/sources_1/imports/new/driver_7seg_8characters.vhd:66]
INFO: [Synth 8-256] done synthesizing module 'newtop' (7#1) [C:/Users/david/OneDrive/Dokumenty/GitHub/digital-electronics-1/project/20220427/Project_20220428_1/Project_20220428_1.srcs/sources_1/imports/sources_1/new/newtop.vhd:50]
---------------------------------------------------------------------------------
Finished RTL Elaboration : Time (s): cpu = 00:00:05 ; elapsed = 00:00:05 . Memory (MB): peak = 1000.953 ; gain = 0.000
---------------------------------------------------------------------------------
---------------------------------------------------------------------------------
Start Handling Custom Attributes
---------------------------------------------------------------------------------
---------------------------------------------------------------------------------
Finished Handling Custom Attributes : Time (s): cpu = 00:00:05 ; elapsed = 00:00:05 . Memory (MB): peak = 1000.953 ; gain = 0.000
---------------------------------------------------------------------------------
---------------------------------------------------------------------------------
Finished RTL Optimization Phase 1 : Time (s): cpu = 00:00:05 ; elapsed = 00:00:05 . Memory (MB): peak = 1000.953 ; gain = 0.000
---------------------------------------------------------------------------------
Netlist sorting complete. Time (s): cpu = 00:00:00 ; elapsed = 00:00:00.003 . Memory (MB): peak = 1000.953 ; gain = 0.000
INFO: [Project 1-570] Preparing netlist for logic optimization

Processing XDC Constraints
Initializing timing engine
Parsing XDC File [C:/Users/david/OneDrive/Dokumenty/GitHub/digital-electronics-1/project/20220427/Project_20220428_1/Project_20220428_1.srcs/constrs_1/imports/new/nexys-a7-50t.xdc]
Finished Parsing XDC File [C:/Users/david/OneDrive/Dokumenty/GitHub/digital-electronics-1/project/20220427/Project_20220428_1/Project_20220428_1.srcs/constrs_1/imports/new/nexys-a7-50t.xdc]
INFO: [Project 1-236] Implementation specific constraints were found while reading constraint file [C:/Users/david/OneDrive/Dokumenty/GitHub/digital-electronics-1/project/20220427/Project_20220428_1/Project_20220428_1.srcs/constrs_1/imports/new/nexys-a7-50t.xdc]. These constraints will be ignored for synthesis but will be used in implementation. Impacted constraints are listed in the file [.Xil/newtop_propImpl.xdc].
Resolution: To avoid this warning, move constraints listed in [.Xil/newtop_propImpl.xdc] to another XDC file and exclude this new file from synthesis with the used_in_synthesis property (File Properties dialog in GUI) and re-run elaboration/synthesis.
Completed Processing XDC Constraints

Netlist sorting complete. Time (s): cpu = 00:00:00 ; elapsed = 00:00:00 . Memory (MB): peak = 1000.953 ; gain = 0.000
INFO: [Project 1-111] Unisim Transformation Summary:
No Unisim elements were transformed.

Constraint Validation Runtime : Time (s): cpu = 00:00:00 ; elapsed = 00:00:00.002 . Memory (MB): peak = 1000.953 ; gain = 0.000
---------------------------------------------------------------------------------
Finished Constraint Validation : Time (s): cpu = 00:00:10 ; elapsed = 00:00:10 . Memory (MB): peak = 1000.953 ; gain = 0.000
---------------------------------------------------------------------------------
---------------------------------------------------------------------------------
Start Loading Part and Timing Information
---------------------------------------------------------------------------------
Loading part: xc7a50ticsg324-1L
---------------------------------------------------------------------------------
Finished Loading Part and Timing Information : Time (s): cpu = 00:00:10 ; elapsed = 00:00:10 . Memory (MB): peak = 1000.953 ; gain = 0.000
---------------------------------------------------------------------------------
---------------------------------------------------------------------------------
Start Applying 'set_property' XDC Constraints
---------------------------------------------------------------------------------
---------------------------------------------------------------------------------
Finished applying 'set_property' XDC Constraints : Time (s): cpu = 00:00:10 ; elapsed = 00:00:10 . Memory (MB): peak = 1000.953 ; gain = 0.000
---------------------------------------------------------------------------------
---------------------------------------------------------------------------------
Finished RTL Optimization Phase 2 : Time (s): cpu = 00:00:11 ; elapsed = 00:00:10 . Memory (MB): peak = 1000.953 ; gain = 0.000
---------------------------------------------------------------------------------
---------------------------------------------------------------------------------
Start RTL Component Statistics 
---------------------------------------------------------------------------------
Detailed RTL Component Info : 
+---Adders : 
	   2 Input    3 Bit       Adders := 1     
+---Registers : 
	                8 Bit    Registers := 1     
	                6 Bit    Registers := 1     
	                3 Bit    Registers := 1     
	                1 Bit    Registers := 1     
+---Muxes : 
	   8 Input    8 Bit        Muxes := 1     
	   2 Input    6 Bit        Muxes := 1     
	   2 Input    2 Bit        Muxes := 1     
	   2 Input    1 Bit        Muxes := 1     
---------------------------------------------------------------------------------
Finished RTL Component Statistics 
---------------------------------------------------------------------------------
---------------------------------------------------------------------------------
Start Part Resource Summary
---------------------------------------------------------------------------------
Part Resources:
DSPs: 120 (col length:60)
BRAMs: 150 (col length: RAMB18 60 RAMB36 30)
---------------------------------------------------------------------------------
Finished Part Resource Summary
---------------------------------------------------------------------------------
---------------------------------------------------------------------------------
Start Cross Boundary and Area Optimization
---------------------------------------------------------------------------------
---------------------------------------------------------------------------------
Finished Cross Boundary and Area Optimization : Time (s): cpu = 00:00:12 ; elapsed = 00:00:12 . Memory (MB): peak = 1000.953 ; gain = 0.000
---------------------------------------------------------------------------------
---------------------------------------------------------------------------------
Start ROM, RAM, DSP, Shift Register and Retiming Reporting
---------------------------------------------------------------------------------

ROM: Preliminary Mapping	Report
+--------------+---------------------------+---------------+----------------+
|Module Name   | RTL Object                | Depth x Width | Implemented As | 
+--------------+---------------------------+---------------+----------------+
|char_to_code  | code_o                    | 128x6         | LUT            | 
|alphabet_7seg | seg_o                     | 64x7          | LUT            | 
|newtop        | driver/alphabet2seg/seg_o | 64x7          | LUT            | 
+--------------+---------------------------+---------------+----------------+

---------------------------------------------------------------------------------
Finished ROM, RAM, DSP, Shift Register and Retiming Reporting
---------------------------------------------------------------------------------
---------------------------------------------------------------------------------
Start Applying XDC Timing Constraints
---------------------------------------------------------------------------------
---------------------------------------------------------------------------------
Finished Applying XDC Timing Constraints : Time (s): cpu = 00:00:17 ; elapsed = 00:00:17 . Memory (MB): peak = 1000.953 ; gain = 0.000
---------------------------------------------------------------------------------
---------------------------------------------------------------------------------
Start Timing Optimization
---------------------------------------------------------------------------------
---------------------------------------------------------------------------------
Finished Timing Optimization : Time (s): cpu = 00:00:17 ; elapsed = 00:00:17 . Memory (MB): peak = 1000.953 ; gain = 0.000
---------------------------------------------------------------------------------
---------------------------------------------------------------------------------
Start Technology Mapping
---------------------------------------------------------------------------------
---------------------------------------------------------------------------------
Finished Technology Mapping : Time (s): cpu = 00:00:17 ; elapsed = 00:00:17 . Memory (MB): peak = 1000.953 ; gain = 0.000
---------------------------------------------------------------------------------
---------------------------------------------------------------------------------
Start IO Insertion
---------------------------------------------------------------------------------
---------------------------------------------------------------------------------
Start Flattening Before IO Insertion
---------------------------------------------------------------------------------
---------------------------------------------------------------------------------
Finished Flattening Before IO Insertion
---------------------------------------------------------------------------------
---------------------------------------------------------------------------------
Start Final Netlist Cleanup
---------------------------------------------------------------------------------
---------------------------------------------------------------------------------
Finished Final Netlist Cleanup
---------------------------------------------------------------------------------
---------------------------------------------------------------------------------
Finished IO Insertion : Time (s): cpu = 00:00:20 ; elapsed = 00:00:20 . Memory (MB): peak = 1001.641 ; gain = 0.688
---------------------------------------------------------------------------------
---------------------------------------------------------------------------------
Start Renaming Generated Instances
---------------------------------------------------------------------------------
---------------------------------------------------------------------------------
Finished Renaming Generated Instances : Time (s): cpu = 00:00:20 ; elapsed = 00:00:20 . Memory (MB): peak = 1001.641 ; gain = 0.688
---------------------------------------------------------------------------------
---------------------------------------------------------------------------------
Start Rebuilding User Hierarchy
---------------------------------------------------------------------------------
---------------------------------------------------------------------------------
Finished Rebuilding User Hierarchy : Time (s): cpu = 00:00:20 ; elapsed = 00:00:20 . Memory (MB): peak = 1001.641 ; gain = 0.688
---------------------------------------------------------------------------------
---------------------------------------------------------------------------------
Start Renaming Generated Ports
---------------------------------------------------------------------------------
---------------------------------------------------------------------------------
Finished Renaming Generated Ports : Time (s): cpu = 00:00:20 ; elapsed = 00:00:20 . Memory (MB): peak = 1001.641 ; gain = 0.688
---------------------------------------------------------------------------------
---------------------------------------------------------------------------------
Start Handling Custom Attributes
---------------------------------------------------------------------------------
---------------------------------------------------------------------------------
Finished Handling Custom Attributes : Time (s): cpu = 00:00:20 ; elapsed = 00:00:20 . Memory (MB): peak = 1001.641 ; gain = 0.688
---------------------------------------------------------------------------------
---------------------------------------------------------------------------------
Start Renaming Generated Nets
---------------------------------------------------------------------------------
---------------------------------------------------------------------------------
Finished Renaming Generated Nets : Time (s): cpu = 00:00:20 ; elapsed = 00:00:20 . Memory (MB): peak = 1001.641 ; gain = 0.688
---------------------------------------------------------------------------------
---------------------------------------------------------------------------------
Start Writing Synthesis Report
---------------------------------------------------------------------------------

Report BlackBoxes: 
+-+--------------+----------+
| |BlackBox name |Instances |
+-+--------------+----------+
+-+--------------+----------+

Report Cell Usage: 
+------+-------+------+
|      |Cell   |Count |
+------+-------+------+
|1     |BUFG   |     1|
|2     |CARRY4 |     8|
|3     |LUT1   |     1|
|4     |LUT2   |     1|
|5     |LUT3   |     9|
|6     |LUT4   |     3|
|7     |LUT5   |     2|
|8     |LUT6   |     5|
|9     |FDRE   |    36|
|10    |FDSE   |     7|
|11    |IBUF   |     2|
|12    |OBUF   |    15|
+------+-------+------+
---------------------------------------------------------------------------------
Finished Writing Synthesis Report : Time (s): cpu = 00:00:20 ; elapsed = 00:00:20 . Memory (MB): peak = 1001.641 ; gain = 0.688
---------------------------------------------------------------------------------
Synthesis finished with 0 errors, 0 critical warnings and 0 warnings.
Synthesis Optimization Runtime : Time (s): cpu = 00:00:13 ; elapsed = 00:00:19 . Memory (MB): peak = 1001.641 ; gain = 0.688
Synthesis Optimization Complete : Time (s): cpu = 00:00:20 ; elapsed = 00:00:20 . Memory (MB): peak = 1001.641 ; gain = 0.688
INFO: [Project 1-571] Translating synthesized netlist
Netlist sorting complete. Time (s): cpu = 00:00:00 ; elapsed = 00:00:00.001 . Memory (MB): peak = 1013.703 ; gain = 0.000
INFO: [Netlist 29-17] Analyzing 8 Unisim elements for replacement
INFO: [Netlist 29-28] Unisim Transformation completed in 0 CPU seconds
INFO: [Project 1-570] Preparing netlist for logic optimization
INFO: [Opt 31-138] Pushed 0 inverter(s) to 0 load pin(s).
Netlist sorting complete. Time (s): cpu = 00:00:00 ; elapsed = 00:00:00 . Memory (MB): peak = 1013.703 ; gain = 0.000
INFO: [Project 1-111] Unisim Transformation Summary:
No Unisim elements were transformed.

INFO: [Common 17-83] Releasing license: Synthesis
29 Infos, 2 Warnings, 0 Critical Warnings and 0 Errors encountered.
synth_design completed successfully
synth_design: Time (s): cpu = 00:00:24 ; elapsed = 00:00:26 . Memory (MB): peak = 1013.703 ; gain = 12.750
INFO: [Common 17-1381] The checkpoint 'C:/Users/david/OneDrive/Dokumenty/GitHub/digital-electronics-1/project/20220427/Project_20220428_1/Project_20220428_1.runs/synth_1/newtop.dcp' has been generated.
INFO: [runtcl-4] Executing : report_utilization -file newtop_utilization_synth.rpt -pb newtop_utilization_synth.pb
INFO: [Common 17-206] Exiting Vivado at Thu Apr 28 16:38:32 2022...
